(0000) 3000 0011000000000000 (   2)                      .ORIG 0x3000	Features.asm
(3000) 006A 0000000001101010 (   6)                      .FILL 0x006A	Features.asm
(3001) 006A 0000000001101010 (   6)                      .FILL 0x0X6A	Features.asm
(3002) 0073 0000000001110011 (   6)                      .FILL 0x0X73	Features.asm
(3003) 0022 0000000000100010 (   6)                      .FILL 0x0X22	Features.asm
(3004) 0000 0000000000000000 (   6)                      .FILL 0x0X00	Features.asm
(3005) 0000 0000000000000000 (   8)                      .FILL 0X0000	Features.asm
(3006) 0000 0000000000000000 (   8)                      .FILL 0X0000	Features.asm
(3007) 0000 0000000000000000 (   8)                      .FILL 0X0000	Features.asm
(3008) 0000 0000000000000000 (   8)                      .FILL 0X0000	Features.asm
(3009) 0000 0000000000000000 (   8)                      .FILL 0X0000	Features.asm
(300A) 0000 0000000000000000 (   8)                      .FILL 0X0000	Features.asm
(300B) 0000 0000000000000000 (   8)                      .FILL 0X0000	Features.asm
(300C) 0000 0000000000000000 (   8)                      .FILL 0X0000	Features.asm
(300D) 0000 0000000000000000 (   8)                      .FILL 0X0000	Features.asm
(300E) 0000 0000000000000000 (   8)                      .FILL 0X0000	Features.asm
(300F) 0000 0000000000000000 (   8)                      .FILL 0X0000	Features.asm
(3010) 0000 0000000000000000 (   8)                      .FILL 0X0000	Features.asm
(3011) 0000 0000000000000000 (   8)                      .FILL 0X0000	Features.asm
(3012) 0000 0000000000000000 (   8)                      .FILL 0X0000	Features.asm
(3013) 0000 0000000000000000 (   8)                      .FILL 0X0000	Features.asm
(3014) 0000 0000000000000000 (   8)                      .FILL 0X0000	Features.asm
(3015) 0000 0000000000000000 (  10)                      .FILL 0x0000	Features.asm
(3016) 0048 0000000001001000 (  11)                      .FILL 0x0048	Features.asm
(3017) 0065 0000000001100101 (  11)                      .FILL 0x0X65	Features.asm
(3018) 006C 0000000001101100 (  11)                      .FILL 0x0X6C	Features.asm
(3019) 006C 0000000001101100 (  11)                      .FILL 0x0X6C	Features.asm
(301A) 006F 0000000001101111 (  11)                      .FILL 0x0X6F	Features.asm
(301B) 0000 0000000000000000 (  11)                      .FILL 0x0X00	Features.asm
(301C) 1B76 0001101101110110 (  19) BEGIN_TEST           ADD R5 R5 #-10	Features.asm
(301D) 1B45 0001101101000101 (  21)                      ADD R5 R5 R5	Features.asm
(301E) 12A1 0001001010100001 (  22)                      ADD R1 R2 #1	Features.asm
(301F) 1B60 0001101101100000 (  24)                      ADD R5 R5 #0	Features.asm
(3020) AE2A 1010111000101010 (  26)                      LDI R7 cheat	Features.asm
(3021) 0000 0000000000000000 (  32) begin_test           .FILL 0x0000	Features.asm
(3022) 927F 1001001001111111 (  36) EXTRA_FEATURES       NOT R1 R1	Features.asm
(3023) 1261 0001001001100001 (  36)                      ADD R1 R1 #1	Features.asm
(3024) 927F 1001001001111111 (  37)                      NOT R1 R1	Features.asm
(3025) 1261 0001001001100001 (  37)                      ADD R1 R1 #1	Features.asm
(3026) 1B41 0001101101000001 (  37)                      ADD R5 R5 R1	Features.asm
(3027) 927F 1001001001111111 (  37)                      NOT R1 R1	Features.asm
(3028) 1261 0001001001100001 (  37)                      ADD R1 R1 #1	Features.asm
(3029) 5B60 0101101101100000 (  38)                      AND R5 R5 #0	Features.asm
(302A) 94BF 1001010010111111 (  40)                      NOT R2 R2	Features.asm
(302B) 14A1 0001010010100001 (  40)                      ADD R2 R2 #1	Features.asm
(302C) 1242 0001001001000010 (  40)                      ADD R1 R1 R2	Features.asm
(302D) 94BF 1001010010111111 (  40)                      NOT R2 R2	Features.asm
(302E) 14A1 0001010010100001 (  40)                      ADD R2 R2 #1	Features.asm
(302F) 52A0 0101001010100000 (  41)                      AND R1 R2 #0	Features.asm
(3030) 927F 1001001001111111 (  42)                      NOT R1 R1	Features.asm
(3031) 1261 0001001001100001 (  42)                      ADD R1 R1 #1	Features.asm
(3032) 1281 0001001010000001 (  42)                      ADD R1 R2 R1	Features.asm
(3033) 96FF 1001011011111111 (  43)                      NOT R3 R3	Features.asm
(3034) 16E1 0001011011100001 (  43)                      ADD R3 R3 #1	Features.asm
(3035) 1283 0001001010000011 (  43)                      ADD R1 R2 R3	Features.asm
(3036) 96FF 1001011011111111 (  43)                      NOT R3 R3	Features.asm
(3037) 16E1 0001011011100001 (  43)                      ADD R3 R3 #1	Features.asm
(3038) 01C0 0000000111000000 (  45) oct                  .FILL 0x01C0	Features.asm
(3039) 0041 0000000001000001 (  48)                      .FILL 0x0041	Features.asm
(303A) 000A 0000000000001010 (  49)                      .FILL 0x000A	Features.asm
(303B) 00FF 0000000011111111 (  51)                      .FILL 0X00FF	Features.asm
(303C) 00FF 0000000011111111 (  51)                      .FILL 0X00FF	Features.asm
(303D) 00FF 0000000011111111 (  51)                      .FILL 0X00FF	Features.asm
(303E) 00FF 0000000011111111 (  51)                      .FILL 0X00FF	Features.asm
(303F) 00FF 0000000011111111 (  51)                      .FILL 0X00FF	Features.asm
(3040) 00FF 0000000011111111 (  51)                      .FILL 0X00FF	Features.asm
(3041) 00FF 0000000011111111 (  51)                      .FILL 0X00FF	Features.asm
(3042) 00FF 0000000011111111 (  51)                      .FILL 0X00FF	Features.asm
(3043) 00FF 0000000011111111 (  51)                      .FILL 0X00FF	Features.asm
(3044) 00FF 0000000011111111 (  51)                      .FILL 0X00FF	Features.asm
(3045) 00FF 0000000011111111 (  51)                      .FILL 0X00FF	Features.asm
(3046) 00FF 0000000011111111 (  51)                      .FILL 0X00FF	Features.asm
(3047) 00FF 0000000011111111 (  51)                      .FILL 0X00FF	Features.asm
(3048) 00FF 0000000011111111 (  51)                      .FILL 0X00FF	Features.asm
(3049) 00FF 0000000011111111 (  51)                      .FILL 0X00FF	Features.asm
(304A) 00FF 0000000011111111 (  51)                      .FILL 0X00FF	Features.asm
(304B) 30EB 0011000011101011 (  52) cheat                .FILL 0X30EB	Features.asm
(304C) 54A0 0101010010100000 (  54)                      AND R2 R2 #0	Features.asm
(304D) 14AA 0001010010101010 (  54)                      ADD R2 R2 #10	Features.asm
(304E) 0E01 0000111000000001 (  55)                      BRnzp 0x3050	Features.asm
(304F) 3000 0011000000000000 (  55)                      .FILL 0x3000	Features.asm
(3050) 27FE 0010011111111110 (  55)                      LD R3 0x304f	Features.asm
(3051) 1482 0001010010000010 (  57)                      ADD R2 R2 R2	Features.asm

(3052) 1482 0001010010000010 (  57)                      ADD R2 R2 R2	Features.asm

(3053) 4802 0100100000000010 (  59)                      JSR INCLUDED_LABEL	Features.asm
(3054) 12A0 0001001010100000 (   1)                      ADD R1 R2 #0	include.h
(3055) 5260 0101001001100000 (   2)                      AND R1 R1 #0	include.h
(3056) 927F 1001001001111111 (   5) INCLUDED_LABEL       NOT R1 R1	include.h
(3057) 1261 0001001001100001 (   5)                      ADD R1 R1 #1	include.h
(3058) 4FFF 0100111111111111 (  62) WARNING_THROWS       JSR WARNING_THROWS	Features.asm
(3059) 4FFE 0100111111111110 (  65)                      JSR WARNING_THROWS	Features.asm
(305A) 4800 0100100000000000 (  66)                      JSR 0x305b	Features.asm
(305B) 03FF 0000001111111111 (  67)                      BRp 0x305b	Features.asm
(305C) 0200 0000001000000000 (  68)                      BRp 0x305d	Features.asm
(305D) 09FF 0000100111111111 (  69)                      BRn 0x305d	Features.asm
(305E) 09F9 0000100111111001 (  70)                      BRn WARNING_THROWS	Features.asm
(305F) F0FF 1111000011111111 (  71)                      TRAP 0XF0FF	Features.asm
(3060) 0F00 0000111100000000 (  72)                      BRnzp 0x2f61	Features.asm
(3061) 1000 0001000000000000 (  73)                      ADD R0 R0 R0	Features.asm

(3062) 1000 0001000000000000 (  74)                      ADD R0 R0 R0	Features.asm

(3063) 1000 0001000000000000 (  74)                      ADD R0 R0 R0	Features.asm

(3064) 1000 0001000000000000 (  75)                      ADD R0 R0 R0	Features.asm

(3065) 1000 0001000000000000 (  75)                      ADD R0 R0 R0	Features.asm

(3065) 1000 0001000000000000 (  75)                      ADD R0 R0 R0	Features.asm

(3067) 1000 0001000000000000 (  76)                      ADD R0 R0 R0	Features.asm

(3068) 1000 0001000000000000 (  76)                      ADD R0 R0 R0	Features.asm

(3068) 1000 0001000000000000 (  76)                      ADD R0 R0 R0	Features.asm

(3068) 1000 0001000000000000 (  76)                      ADD R0 R0 R0	Features.asm

(306B) 1000 0001000000000000 (  77)                      ADD R0 R0 R0	Features.asm

(306C) 1000 0001000000000000 (  77)                      ADD R0 R0 R0	Features.asm

(306C) 1000 0001000000000000 (  77)                      ADD R0 R0 R0	Features.asm

(306C) 1000 0001000000000000 (  77)                      ADD R0 R0 R0	Features.asm

(306C) 1000 0001000000000000 (  77)                      ADD R0 R0 R0	Features.asm

(3070) 1000 0001000000000000 (  78)                      ADD R0 R0 R0	Features.asm

(3071) 1000 0001000000000000 (  78)                      ADD R0 R0 R0	Features.asm

(3071) 1000 0001000000000000 (  78)                      ADD R0 R0 R0	Features.asm

(3071) 1000 0001000000000000 (  78)                      ADD R0 R0 R0	Features.asm

(3071) 1000 0001000000000000 (  78)                      ADD R0 R0 R0	Features.asm

(3071) 1000 0001000000000000 (  78)                      ADD R0 R0 R0	Features.asm

(3076) 1000 0001000000000000 (  79)                      ADD R0 R0 R0	Features.asm

(3077) 1000 0001000000000000 (  79)                      ADD R0 R0 R0	Features.asm

(3077) 1000 0001000000000000 (  79)                      ADD R0 R0 R0	Features.asm

(3077) 1000 0001000000000000 (  79)                      ADD R0 R0 R0	Features.asm

(3077) 1000 0001000000000000 (  79)                      ADD R0 R0 R0	Features.asm

(3077) 1000 0001000000000000 (  79)                      ADD R0 R0 R0	Features.asm

(3077) 1000 0001000000000000 (  79)                      ADD R0 R0 R0	Features.asm

(307D) 1000 0001000000000000 (  80)                      ADD R0 R0 R0	Features.asm

(307E) 1000 0001000000000000 (  80)                      ADD R0 R0 R0	Features.asm

(307E) 1000 0001000000000000 (  80)                      ADD R0 R0 R0	Features.asm

(307E) 1000 0001000000000000 (  80)                      ADD R0 R0 R0	Features.asm

(307E) 1000 0001000000000000 (  80)                      ADD R0 R0 R0	Features.asm

(307E) 1000 0001000000000000 (  80)                      ADD R0 R0 R0	Features.asm

(307E) 1000 0001000000000000 (  80)                      ADD R0 R0 R0	Features.asm

(307E) 1000 0001000000000000 (  80)                      ADD R0 R0 R0	Features.asm

(3085) 1000 0001000000000000 (  81)                      ADD R0 R0 R0	Features.asm

(3086) 1000 0001000000000000 (  81)                      ADD R0 R0 R0	Features.asm

(3086) 1000 0001000000000000 (  81)                      ADD R0 R0 R0	Features.asm

(3086) 1000 0001000000000000 (  81)                      ADD R0 R0 R0	Features.asm

(3086) 1000 0001000000000000 (  81)                      ADD R0 R0 R0	Features.asm

(3086) 1000 0001000000000000 (  81)                      ADD R0 R0 R0	Features.asm

(3086) 1000 0001000000000000 (  81)                      ADD R0 R0 R0	Features.asm

(3086) 1000 0001000000000000 (  81)                      ADD R0 R0 R0	Features.asm

(3086) 1000 0001000000000000 (  81)                      ADD R0 R0 R0	Features.asm

(308E) 1000 0001000000000000 (  82)                      ADD R0 R0 R0	Features.asm

(308F) 1000 0001000000000000 (  82)                      ADD R0 R0 R0	Features.asm

(308F) 1000 0001000000000000 (  82)                      ADD R0 R0 R0	Features.asm

(308F) 1000 0001000000000000 (  82)                      ADD R0 R0 R0	Features.asm

(308F) 1000 0001000000000000 (  82)                      ADD R0 R0 R0	Features.asm

(308F) 1000 0001000000000000 (  82)                      ADD R0 R0 R0	Features.asm

(308F) 1000 0001000000000000 (  82)                      ADD R0 R0 R0	Features.asm

(308F) 1000 0001000000000000 (  82)                      ADD R0 R0 R0	Features.asm

(308F) 1000 0001000000000000 (  82)                      ADD R0 R0 R0	Features.asm

(308F) 1000 0001000000000000 (  82)                      ADD R0 R0 R0	Features.asm

(3098) 1000 0001000000000000 (  83)                      ADD R0 R0 R0	Features.asm

(3099) 1000 0001000000000000 (  83)                      ADD R0 R0 R0	Features.asm

(3099) 1000 0001000000000000 (  83)                      ADD R0 R0 R0	Features.asm

(3099) 1000 0001000000000000 (  83)                      ADD R0 R0 R0	Features.asm

(3099) 1000 0001000000000000 (  83)                      ADD R0 R0 R0	Features.asm

(3099) 1000 0001000000000000 (  83)                      ADD R0 R0 R0	Features.asm

(3099) 1000 0001000000000000 (  83)                      ADD R0 R0 R0	Features.asm

(3099) 1000 0001000000000000 (  83)                      ADD R0 R0 R0	Features.asm

(3099) 1000 0001000000000000 (  83)                      ADD R0 R0 R0	Features.asm

(3099) 1000 0001000000000000 (  83)                      ADD R0 R0 R0	Features.asm

(3099) 1000 0001000000000000 (  83)                      ADD R0 R0 R0	Features.asm

(30A3) 1000 0001000000000000 (  84)                      ADD R0 R0 R0	Features.asm

(30A4) 1000 0001000000000000 (  84)                      ADD R0 R0 R0	Features.asm

(30A4) 1000 0001000000000000 (  84)                      ADD R0 R0 R0	Features.asm

(30A4) 1000 0001000000000000 (  84)                      ADD R0 R0 R0	Features.asm

(30A4) 1000 0001000000000000 (  84)                      ADD R0 R0 R0	Features.asm

(30A4) 1000 0001000000000000 (  84)                      ADD R0 R0 R0	Features.asm

(30A4) 1000 0001000000000000 (  84)                      ADD R0 R0 R0	Features.asm

(30A4) 1000 0001000000000000 (  84)                      ADD R0 R0 R0	Features.asm

(30A4) 1000 0001000000000000 (  84)                      ADD R0 R0 R0	Features.asm

(30A4) 1000 0001000000000000 (  84)                      ADD R0 R0 R0	Features.asm

(30A4) 1000 0001000000000000 (  84)                      ADD R0 R0 R0	Features.asm

(30A4) 1000 0001000000000000 (  84)                      ADD R0 R0 R0	Features.asm

(30AF) 1000 0001000000000000 (  85)                      ADD R0 R0 R0	Features.asm

(30B0) 1000 0001000000000000 (  85)                      ADD R0 R0 R0	Features.asm

(30B0) 1000 0001000000000000 (  85)                      ADD R0 R0 R0	Features.asm

(30B0) 1000 0001000000000000 (  85)                      ADD R0 R0 R0	Features.asm

(30B0) 1000 0001000000000000 (  85)                      ADD R0 R0 R0	Features.asm

(30B0) 1000 0001000000000000 (  85)                      ADD R0 R0 R0	Features.asm

(30B0) 1000 0001000000000000 (  85)                      ADD R0 R0 R0	Features.asm

(30B0) 1000 0001000000000000 (  85)                      ADD R0 R0 R0	Features.asm

(30B0) 1000 0001000000000000 (  85)                      ADD R0 R0 R0	Features.asm

(30B0) 1000 0001000000000000 (  85)                      ADD R0 R0 R0	Features.asm

(30B0) 1000 0001000000000000 (  85)                      ADD R0 R0 R0	Features.asm

(30B0) 1000 0001000000000000 (  85)                      ADD R0 R0 R0	Features.asm

(30B0) 1000 0001000000000000 (  85)                      ADD R0 R0 R0	Features.asm

(30BC) 1000 0001000000000000 (  86)                      ADD R0 R0 R0	Features.asm

(30BD) 1000 0001000000000000 (  86)                      ADD R0 R0 R0	Features.asm

(30BD) 1000 0001000000000000 (  86)                      ADD R0 R0 R0	Features.asm

(30BD) 1000 0001000000000000 (  86)                      ADD R0 R0 R0	Features.asm

(30BD) 1000 0001000000000000 (  86)                      ADD R0 R0 R0	Features.asm

(30BD) 1000 0001000000000000 (  86)                      ADD R0 R0 R0	Features.asm

(30BD) 1000 0001000000000000 (  86)                      ADD R0 R0 R0	Features.asm

(30BD) 1000 0001000000000000 (  86)                      ADD R0 R0 R0	Features.asm

(30BD) 1000 0001000000000000 (  86)                      ADD R0 R0 R0	Features.asm

(30BD) 1000 0001000000000000 (  86)                      ADD R0 R0 R0	Features.asm

(30BD) 1000 0001000000000000 (  86)                      ADD R0 R0 R0	Features.asm

(30BD) 1000 0001000000000000 (  86)                      ADD R0 R0 R0	Features.asm

(30BD) 1000 0001000000000000 (  86)                      ADD R0 R0 R0	Features.asm

(30BD) 1000 0001000000000000 (  86)                      ADD R0 R0 R0	Features.asm

(30CA) 1000 0001000000000000 (  87)                      ADD R0 R0 R0	Features.asm

(30CB) 1000 0001000000000000 (  87)                      ADD R0 R0 R0	Features.asm

(30CB) 1000 0001000000000000 (  87)                      ADD R0 R0 R0	Features.asm

(30CB) 1000 0001000000000000 (  87)                      ADD R0 R0 R0	Features.asm

(30CB) 1000 0001000000000000 (  87)                      ADD R0 R0 R0	Features.asm

(30CB) 1000 0001000000000000 (  87)                      ADD R0 R0 R0	Features.asm

(30CB) 1000 0001000000000000 (  87)                      ADD R0 R0 R0	Features.asm

(30CB) 1000 0001000000000000 (  87)                      ADD R0 R0 R0	Features.asm

(30CB) 1000 0001000000000000 (  87)                      ADD R0 R0 R0	Features.asm

(30CB) 1000 0001000000000000 (  87)                      ADD R0 R0 R0	Features.asm

(30CB) 1000 0001000000000000 (  87)                      ADD R0 R0 R0	Features.asm

(30CB) 1000 0001000000000000 (  87)                      ADD R0 R0 R0	Features.asm

(30CB) 1000 0001000000000000 (  87)                      ADD R0 R0 R0	Features.asm

(30CB) 1000 0001000000000000 (  87)                      ADD R0 R0 R0	Features.asm

(30CB) 1000 0001000000000000 (  87)                      ADD R0 R0 R0	Features.asm

(30D9) 927F 1001001001111111 (  89)                      NOT R1 R1	Features.asm
(30DA) 1261 0001001001100001 (  89)                      ADD R1 R1 #1	Features.asm
(30DB) C1C0 1100000111000000 (  94)                      RET	Features.asm
(30DC) 0E00 0000111000000000 (  95)                      BRnzp WARNING_STRING	Features.asm
(30DD) 0020 0000000000100000 (  97) WARNING_STRING       .FILL 0x0020	Features.asm
(30DE) 0020 0000000000100000 (  97)                      .FILL 0x0X20	Features.asm
(30DF) 0020 0000000000100000 (  97)                      .FILL 0x0X20	Features.asm
(30E0) 0020 0000000000100000 (  97)                      .FILL 0x0X20	Features.asm
(30E1) 0020 0000000000100000 (  97)                      .FILL 0x0X20	Features.asm
(30E2) 0020 0000000000100000 (  97)                      .FILL 0x0X20	Features.asm
(30E3) 0020 0000000000100000 (  97)                      .FILL 0x0X20	Features.asm
(30E4) 0020 0000000000100000 (  97)                      .FILL 0x0X20	Features.asm
(30E5) 0020 0000000000100000 (  97)                      .FILL 0x0X20	Features.asm
(30E6) 0020 0000000000100000 (  97)                      .FILL 0x0X20	Features.asm
(30E7) 0000 0000000000000000 (  97)                      .FILL 0x0X00	Features.asm
(30E8) 1000 0001000000000000 ( 124)                      ADD R0 R0 R0	Features.asm
(30E9) 5021 0101000000100001 ( 133)                      AND R0 R0 #1	Features.asm
(30EA) 0F31 0000111100110001 ( 147)                      BRnzp BEGIN_TEST	Features.asm
(30EB) 301C 0011000000011100 ( 149) addr                 .FILL 0x301C	Features.asm
(30EC) 0000 0000000000000000 ( 152) b                    .FILL 0x0000	Features.asm
(30ED) 000A 0000000000001010 ( 154) bin                  .FILL 0x000A	Features.asm
(30EE) 0000 0000000000000000 ( 155) hex                  .FILL 0x0000	Features.asm
(30EF) 0000 0000000000000000 ( 159)                      .END	Features.asm
