(0000) 3000 0011000000000000 (  20)                      .ORIG 0x3000
(3000) 221F 0010001000011111 (  22)                      LD R1 NUMBER
(3001) 285D 0010100001011101 (  23)                      LD R4 ASCII_OFFSET
(3002) E01E 1110000000011110 (  26) LOOP                 LEA R0 PROMPT
(3003) F022 1111000000100010 (  27)                      PUTS
(3004) F020 1111000000100000 (  29)                      GETC
(3005) F021 1111000000100001 (  30)                      OUT
(3006) 1404 0001010000000100 (  31)                      ADD R2 R0 R4
(3007) F020 1111000000100000 (  34)                      GETC
(3008) F021 1111000000100001 (  35)                      OUT
(3009) 1604 0001011000000100 (  36)                      ADD R3 R0 R4
(300A) 5020 0101000000100000 (  38)                      AND R0 R0 #0
(300B) 102A 0001000000101010 (  39)                      ADD R0 R0 #10
(300C) F021 1111000000100001 (  40)                      OUT
(300D) 1482 0001010010000010 (  42)                      ADD R2 R2 R2
(300E) 1A82 0001101010000010 (  43)                      ADD R5 R2 R2
(300F) 1B45 0001101101000101 (  44)                      ADD R5 R5 R5
(3010) 1542 0001010101000010 (  45)                      ADD R2 R5 R2
(3011) 1A83 0001101010000011 (  47)                      ADD R5 R2 R3
(3012) 9B40 1001101101000000 (  50)                      NOT R5 R5
(3013) 1B61 0001101101100001 (  51)                      ADD R5 R5 #1
(3014) 1B41 0001101101000001 (  53)                      ADD R5 R5 R1
(3015) 0407 0000010000000111 (  55)                      BRz FINISH
(3016) 0803 0000100000000011 (  57)                      BRn GREATER_THAN
(3017) E038 1110000000111000 (  62) LESS_THAN            LEA R0 LESS
(3018) F022 1111000000100010 (  63)                      PUTS
(3019) 0FE8 0000111111101000 (  64)                      BRnzp LOOP
(301A) E03B 1110000000111011 (  68) GREATER_THAN         LEA R0 GREATER
(301B) F022 1111000000100010 (  69)                      PUTS
(301C) 0FE5 0000111111100101 (  70)                      BRnzp LOOP
(301D) E028 1110000000101000 (  73) FINISH               LEA R0 CORRECT
(301E) F022 1111000000100010 (  74)                      PUTS
(301F) F025 1111000000100101 (  75)                      HALT
(3020) 0006 0000000000000110 (  78) NUMBER               .FILL 0x0006
(3021) 0047 0000000001000111 (  81) PROMPT               .FILL 0x0047
(3022) 0075 0000000001110101 (  81)                      .FILL 0x0075
(3023) 0065 0000000001100101 (  81)                      .FILL 0x0065
(3024) 0073 0000000001110011 (  81)                      .FILL 0x0073
(3025) 0073 0000000001110011 (  81)                      .FILL 0x0073
(3026) 0020 0000000000100000 (  81)                      .FILL 0x0020
(3027) 0061 0000000001100001 (  81)                      .FILL 0x0061
(3028) 0020 0000000000100000 (  81)                      .FILL 0x0020
(3029) 006E 0000000001101110 (  81)                      .FILL 0x006E
(302A) 0075 0000000001110101 (  81)                      .FILL 0x0075
(302B) 006D 0000000001101101 (  81)                      .FILL 0x006D
(302C) 0062 0000000001100010 (  81)                      .FILL 0x0062
(302D) 0065 0000000001100101 (  81)                      .FILL 0x0065
(302E) 0072 0000000001110010 (  81)                      .FILL 0x0072
(302F) 0020 0000000000100000 (  81)                      .FILL 0x0020
(3030) 0028 0000000000101000 (  81)                      .FILL 0x0028
(3031) 0062 0000000001100010 (  81)                      .FILL 0x0062
(3032) 0065 0000000001100101 (  81)                      .FILL 0x0065
(3033) 0074 0000000001110100 (  81)                      .FILL 0x0074
(3034) 0077 0000000001110111 (  81)                      .FILL 0x0077
(3035) 0065 0000000001100101 (  81)                      .FILL 0x0065
(3036) 0065 0000000001100101 (  81)                      .FILL 0x0065
(3037) 006E 0000000001101110 (  81)                      .FILL 0x006E
(3038) 0020 0000000000100000 (  81)                      .FILL 0x0020
(3039) 0030 0000000000110000 (  81)                      .FILL 0x0030
(303A) 0030 0000000000110000 (  81)                      .FILL 0x0030
(303B) 0020 0000000000100000 (  81)                      .FILL 0x0020
(303C) 0061 0000000001100001 (  81)                      .FILL 0x0061
(303D) 006E 0000000001101110 (  81)                      .FILL 0x006E
(303E) 0064 0000000001100100 (  81)                      .FILL 0x0064
(303F) 0020 0000000000100000 (  81)                      .FILL 0x0020
(3040) 0039 0000000000111001 (  81)                      .FILL 0x0039
(3041) 0039 0000000000111001 (  81)                      .FILL 0x0039
(3042) 0029 0000000000101001 (  81)                      .FILL 0x0029
(3043) 003A 0000000000111010 (  81)                      .FILL 0x003A
(3044) 0020 0000000000100000 (  81)                      .FILL 0x0020
(3045) 0000 0000000000000000 (  81)                      .FILL 0x0000
(3046) 0043 0000000001000011 (  84) CORRECT              .FILL 0x0043
(3047) 006F 0000000001101111 (  84)                      .FILL 0x006F
(3048) 0072 0000000001110010 (  84)                      .FILL 0x0072
(3049) 0072 0000000001110010 (  84)                      .FILL 0x0072
(304A) 0065 0000000001100101 (  84)                      .FILL 0x0065
(304B) 0063 0000000001100011 (  84)                      .FILL 0x0063
(304C) 0074 0000000001110100 (  84)                      .FILL 0x0074
(304D) 0021 0000000000100001 (  84)                      .FILL 0x0021
(304E) 000A 0000000000001010 (  84)                      .FILL 0x000A
(304F) 0000 0000000000000000 (  84)                      .FILL 0x0000
(3050) 004C 0000000001001100 (  87) LESS                 .FILL 0x004C
(3051) 0065 0000000001100101 (  87)                      .FILL 0x0065
(3052) 0073 0000000001110011 (  87)                      .FILL 0x0073
(3053) 0073 0000000001110011 (  87)                      .FILL 0x0073
(3054) 000A 0000000000001010 (  87)                      .FILL 0x000A
(3055) 0000 0000000000000000 (  87)                      .FILL 0x0000
(3056) 0047 0000000001000111 (  90) GREATER              .FILL 0x0047
(3057) 0072 0000000001110010 (  90)                      .FILL 0x0072
(3058) 0065 0000000001100101 (  90)                      .FILL 0x0065
(3059) 0061 0000000001100001 (  90)                      .FILL 0x0061
(305A) 0074 0000000001110100 (  90)                      .FILL 0x0074
(305B) 0065 0000000001100101 (  90)                      .FILL 0x0065
(305C) 0072 0000000001110010 (  90)                      .FILL 0x0072
(305D) 000A 0000000000001010 (  90)                      .FILL 0x000A
(305E) 0000 0000000000000000 (  90)                      .FILL 0x0000
(305F) FFD0 1111111111010000 (  93) ASCII_OFFSET         .FILL 0xFFD0
