(0000) 3000 0011000000000000 (   1)                      .ORIG 0x3000
(3000) E24D 1110001001001101 (  15)                      LEA R1 STRING
(3001) 2461 0010010001100001 (  16)                      LD R2 COUNT
(3002) E014 1110000000010100 (  18)                      LEA R0 BEGIN_PROMPT
(3003) F022 1111000000100010 (  19)                      PUTS
(3004) F020 1111000000100000 (  22) LOOP                 GETC
(3005) F021 1111000000100001 (  23)                      OUT
(3006) 1636 0001011000110110 (  24)                      ADD R3 R0 #-10
(3007) 0408 0000010000001000 (  25)                      BRz FINISH
(3008) 7040 0111000001000000 (  27)                      STR R0 R1 #0
(3009) 1261 0001001001100001 (  28)                      ADD R1 R1 #1
(300A) 14BF 0001010010111111 (  29)                      ADD R2 R2 #-1
(300B) 0401 0000010000000001 (  30)                      BRz EARLY_FINISH
(300C) 0FF7 0000111111110111 (  31)                      BRnzp LOOP
(300D) 5020 0101000000100000 (  35) EARLY_FINISH         AND R0 R0 #0
(300E) 102A 0001000000101010 (  36)                      ADD R0 R0 #10
(300F) F021 1111000000100001 (  37)                      OUT
(3010) E017 1110000000010111 (  40) FINISH               LEA R0 PROMPT
(3011) F022 1111000000100010 (  41)                      PUTS
(3012) E03B 1110000000111011 (  42)                      LEA R0 STRING
(3013) F022 1111000000100010 (  43)                      PUTS
(3014) E037 1110000000110111 (  44)                      LEA R0 END_PROMPT
(3015) F022 1111000000100010 (  45)                      PUTS
(3016) F025 1111000000100101 (  46)                      HALT
(3017) 0045 0000000001000101 (  49) BEGIN_PROMPT         .FILL 0x0045
(3018) 006E 0000000001101110 (  49)                      .FILL 0x006E
(3019) 0074 0000000001110100 (  49)                      .FILL 0x0074
(301A) 0065 0000000001100101 (  49)                      .FILL 0x0065
(301B) 0072 0000000001110010 (  49)                      .FILL 0x0072
(301C) 0020 0000000000100000 (  49)                      .FILL 0x0020
(301D) 0061 0000000001100001 (  49)                      .FILL 0x0061
(301E) 0020 0000000000100000 (  49)                      .FILL 0x0020
(301F) 0073 0000000001110011 (  49)                      .FILL 0x0073
(3020) 0074 0000000001110100 (  49)                      .FILL 0x0074
(3021) 0072 0000000001110010 (  49)                      .FILL 0x0072
(3022) 0069 0000000001101001 (  49)                      .FILL 0x0069
(3023) 006E 0000000001101110 (  49)                      .FILL 0x006E
(3024) 0067 0000000001100111 (  49)                      .FILL 0x0067
(3025) 003A 0000000000111010 (  49)                      .FILL 0x003A
(3026) 0020 0000000000100000 (  49)                      .FILL 0x0020
(3027) 0000 0000000000000000 (  49)                      .FILL 0x0000
(3028) 0059 0000000001011001 (  52) PROMPT               .FILL 0x0059
(3029) 006F 0000000001101111 (  52)                      .FILL 0x006F
(302A) 0075 0000000001110101 (  52)                      .FILL 0x0075
(302B) 0020 0000000000100000 (  52)                      .FILL 0x0020
(302C) 0065 0000000001100101 (  52)                      .FILL 0x0065
(302D) 006E 0000000001101110 (  52)                      .FILL 0x006E
(302E) 0074 0000000001110100 (  52)                      .FILL 0x0074
(302F) 0065 0000000001100101 (  52)                      .FILL 0x0065
(3030) 0072 0000000001110010 (  52)                      .FILL 0x0072
(3031) 0065 0000000001100101 (  52)                      .FILL 0x0065
(3032) 0064 0000000001100100 (  52)                      .FILL 0x0064
(3033) 0020 0000000000100000 (  52)                      .FILL 0x0020
(3034) 0074 0000000001110100 (  52)                      .FILL 0x0074
(3035) 0068 0000000001101000 (  52)                      .FILL 0x0068
(3036) 0065 0000000001100101 (  52)                      .FILL 0x0065
(3037) 0020 0000000000100000 (  52)                      .FILL 0x0020
(3038) 0066 0000000001100110 (  52)                      .FILL 0x0066
(3039) 006F 0000000001101111 (  52)                      .FILL 0x006F
(303A) 006C 0000000001101100 (  52)                      .FILL 0x006C
(303B) 006C 0000000001101100 (  52)                      .FILL 0x006C
(303C) 006F 0000000001101111 (  52)                      .FILL 0x006F
(303D) 0077 0000000001110111 (  52)                      .FILL 0x0077
(303E) 0069 0000000001101001 (  52)                      .FILL 0x0069
(303F) 006E 0000000001101110 (  52)                      .FILL 0x006E
(3040) 0067 0000000001100111 (  52)                      .FILL 0x0067
(3041) 0020 0000000000100000 (  52)                      .FILL 0x0020
(3042) 0073 0000000001110011 (  52)                      .FILL 0x0073
(3043) 0074 0000000001110100 (  52)                      .FILL 0x0074
(3044) 0072 0000000001110010 (  52)                      .FILL 0x0072
(3045) 0069 0000000001101001 (  52)                      .FILL 0x0069
(3046) 006E 0000000001101110 (  52)                      .FILL 0x006E
(3047) 0067 0000000001100111 (  52)                      .FILL 0x0067
(3048) 003A 0000000000111010 (  52)                      .FILL 0x003A
(3049) 0020 0000000000100000 (  52)                      .FILL 0x0020
(304A) 0027 0000000000100111 (  52)                      .FILL 0x0027
(304B) 0000 0000000000000000 (  52)                      .FILL 0x0000
(304C) 0027 0000000000100111 (  54) END_PROMPT           .FILL 0x0027
(304D) 0000 0000000000000000 (  54)                      .FILL 0x0000
(304E) 0000 0000000000000000 (  57) STRING               .FILL 0x0000
(304F) 0000 0000000000000000 (  57)                      .FILL 0x0000
(3050) 0000 0000000000000000 (  57)                      .FILL 0x0000
(3051) 0000 0000000000000000 (  57)                      .FILL 0x0000
(3052) 0000 0000000000000000 (  57)                      .FILL 0x0000
(3053) 0000 0000000000000000 (  57)                      .FILL 0x0000
(3054) 0000 0000000000000000 (  57)                      .FILL 0x0000
(3055) 0000 0000000000000000 (  57)                      .FILL 0x0000
(3056) 0000 0000000000000000 (  57)                      .FILL 0x0000
(3057) 0000 0000000000000000 (  57)                      .FILL 0x0000
(3058) 0000 0000000000000000 (  57)                      .FILL 0x0000
(3059) 0000 0000000000000000 (  57)                      .FILL 0x0000
(305A) 0000 0000000000000000 (  57)                      .FILL 0x0000
(305B) 0000 0000000000000000 (  57)                      .FILL 0x0000
(305C) 0000 0000000000000000 (  57)                      .FILL 0x0000
(305D) 0000 0000000000000000 (  57)                      .FILL 0x0000
(305E) 0000 0000000000000000 (  57)                      .FILL 0x0000
(305F) 0000 0000000000000000 (  57)                      .FILL 0x0000
(3060) 0000 0000000000000000 (  57)                      .FILL 0x0000
(3061) 0000 0000000000000000 (  57)                      .FILL 0x0000
(3062) 0000 0000000000000000 (  57)                      .FILL 0x0000
(3063) 0014 0000000000010100 (  59) COUNT                .FILL 0x0014
